<?xml version="1.0" encoding="UTF-8"?>
<!-- Generated by org.testng.reporters.JUnitReportReporter -->
<testsuite hostname="TSLC0844" name="test.LoginTest" tests="1" failures="0" timestamp="25 May 2017 09:30:12 GMT" time="74.045" errors="0">
  <testcase name="logintoApp" time="74.045" classname="test.LoginTest"/>
</testsuite> <!-- test.LoginTest -->
