<?xml version="1.0" encoding="UTF-8"?>
<!-- Generated by org.testng.reporters.JUnitReportReporter -->
<testsuite hostname="TSLC0844" name="test.LoginTest" tests="1" failures="0" timestamp="25 May 2017 12:09:40 GMT" time="82.841" errors="0">
  <testcase name="logintoApp" time="82.841" classname="test.LoginTest"/>
</testsuite> <!-- test.LoginTest -->
