<?xml version="1.0" encoding="UTF-8"?>
<!-- Generated by org.testng.reporters.JUnitReportReporter -->
<testsuite hostname="TSLC0780" name="test.LoginTest" tests="1" failures="0" timestamp="17 May 2017 13:18:02 GMT" time="63.655" errors="0">
  <testcase name="logintoApp" time="63.655" classname="test.LoginTest"/>
</testsuite> <!-- test.LoginTest -->
