<?xml version="1.0" encoding="UTF-8"?>
<!-- Generated by org.testng.reporters.JUnitReportReporter -->
<testsuite hostname="TSLC0780" name="test.LoginTest" tests="1" failures="0" timestamp="15 May 2017 13:20:13 GMT" time="40.452" errors="0">
  <testcase name="logintoApp" time="40.452" classname="test.LoginTest"/>
</testsuite> <!-- test.LoginTest -->
