<?xml version="1.0" encoding="UTF-8"?>
<!-- Generated by org.testng.reporters.JUnitReportReporter -->
<testsuite hostname="TSLC0844" name="test.LoginTest" tests="1" failures="0" timestamp="6 Jun 2017 06:52:17 GMT" time="44.471" errors="0">
  <testcase name="logintoApp" time="44.471" classname="test.LoginTest"/>
</testsuite> <!-- test.LoginTest -->
