<?xml version="1.0" encoding="UTF-8"?>
<!-- Generated by org.testng.reporters.JUnitReportReporter -->
<testsuite hostname="TSLC0844" name="test.LoginTest" tests="1" failures="0" timestamp="29 May 2017 13:01:22 GMT" time="83.866" errors="0">
  <testcase name="logintoApp" time="83.866" classname="test.LoginTest"/>
</testsuite> <!-- test.LoginTest -->
