<?xml version="1.0" encoding="UTF-8"?>
<!-- Generated by org.testng.reporters.JUnitReportReporter -->
<testsuite hostname="TSLC0844" name="test.LoginTest" tests="1" failures="0" timestamp="23 May 2017 08:31:42 GMT" time="78.046" errors="0">
  <testcase name="logintoApp" time="78.046" classname="test.LoginTest"/>
</testsuite> <!-- test.LoginTest -->
