<?xml version="1.0" encoding="UTF-8"?>
<!-- Generated by org.testng.reporters.JUnitReportReporter -->
<testsuite hostname="TSLC0844" name="mytestpack.Mytestclass" tests="2" failures="0" timestamp="10 May 2017 11:13:09 GMT" time="18.306" errors="0">
  <testcase name="RaiseTicket" time="1.492" classname="mytestpack.Mytestclass"/>
  <testcase name="Login" time="16.814" classname="mytestpack.Mytestclass"/>
</testsuite> <!-- mytestpack.Mytestclass -->
