<?xml version="1.0" encoding="UTF-8"?>
<!-- Generated by org.testng.reporters.JUnitReportReporter -->
<testsuite hostname="TSLC0844" name="test.LoginTest" tests="1" failures="0" timestamp="17 May 2017 07:58:17 GMT" time="76.190" errors="0">
  <testcase name="logintoApp" time="76.190" classname="test.LoginTest"/>
</testsuite> <!-- test.LoginTest -->
